app/build/intermediates/manifest_merge_blame_file/debug/manifest-merger-blame-debug-report.txt
1<?xml version="1.0" encoding="utf-8"?>
2<manifest xmlns:android="http://schemas.android.com/apk/res/android"
3    package="com.example.sharethemeal"
4    android:versionCode="1"
5    android:versionName="1.0" >
6
7    <uses-sdk
8        android:minSdkVersion="16"
8-->src\main\AndroidManifest.xml
9        android:targetSdkVersion="28" />
9-->src\main\AndroidManifest.xml
10
11    <supports-screens
11-->src\main\AndroidManifest.xml:33:5-37:40
12        android:largeScreens="true"
12-->src\main\AndroidManifest.xml:34:9-36
13        android:normalScreens="true"
13-->src\main\AndroidManifest.xml:35:9-37
14        android:smallScreens="true"
14-->src\main\AndroidManifest.xml:36:9-36
15        android:xlargeScreens="true" />
15-->src\main\AndroidManifest.xml:37:9-37
16
17    <!-- Although the *SdkVersion is captured in gradle build files, this is required for non gradle builds -->
18    <!-- <uses-sdk android:minSdkVersion="14"/> -->
19    <uses-permission android:name="android.permission.ACCESS_NETWORK_STATE" />
19-->[com.google.firebase:firebase-database:19.2.0] AndroidManifest.xml:25:5-79
19-->[com.google.firebase:firebase-database:19.2.0] AndroidManifest.xml:25:22-76
20    <uses-permission android:name="android.permission.INTERNET" />
20-->[com.google.firebase:firebase-database:19.2.0] AndroidManifest.xml:26:5-67
20-->[com.google.firebase:firebase-database:19.2.0] AndroidManifest.xml:26:22-64
21    <uses-permission android:name="android.permission.WAKE_LOCK" /> <!-- Required by older versions of Google Play services to create IID tokens -->
21-->[com.google.android.gms:play-services-measurement-api:17.2.1] AndroidManifest.xml:24:5-68
21-->[com.google.android.gms:play-services-measurement-api:17.2.1] AndroidManifest.xml:24:22-65
22    <uses-permission android:name="com.google.android.c2dm.permission.RECEIVE" />
22-->[com.google.firebase:firebase-iid:19.0.0] AndroidManifest.xml:26:5-82
22-->[com.google.firebase:firebase-iid:19.0.0] AndroidManifest.xml:26:22-79
23    <uses-permission android:name="com.google.android.finsky.permission.BIND_GET_INSTALL_REFERRER_SERVICE" />
23-->[com.google.android.gms:play-services-measurement:17.2.1] AndroidManifest.xml:26:5-110
23-->[com.google.android.gms:play-services-measurement:17.2.1] AndroidManifest.xml:26:22-107
24
25    <application
25-->src\main\AndroidManifest.xml:5:5-31:19
26        android:allowBackup="true"
26-->src\main\AndroidManifest.xml:6:9-35
27        android:appComponentFactory="androidx.core.app.CoreComponentFactory"
27-->[androidx.core:core:1.1.0] AndroidManifest.xml:24:18-86
28        android:debuggable="true"
29        android:icon="@mipmap/ic_launcher"
29-->src\main\AndroidManifest.xml:7:9-43
30        android:label="@string/app_name"
30-->src\main\AndroidManifest.xml:8:9-41
31        android:roundIcon="@mipmap/ic_launcher_round"
31-->src\main\AndroidManifest.xml:9:9-54
32        android:supportsRtl="true"
32-->src\main\AndroidManifest.xml:10:9-35
33        android:testOnly="true"
34        android:theme="@style/AppTheme" >
34-->src\main\AndroidManifest.xml:11:9-40
35        <activity android:name="com.example.sharethemeal.DonationActivity" />
35-->src\main\AndroidManifest.xml:13:9-54
35-->src\main\AndroidManifest.xml:13:19-51
36        <activity android:name="com.example.sharethemeal.Res_dashboard" />
36-->src\main\AndroidManifest.xml:14:9-51
36-->src\main\AndroidManifest.xml:14:19-48
37        <activity android:name="com.example.sharethemeal.Res_Actvites" />
37-->src\main\AndroidManifest.xml:15:9-50
37-->src\main\AndroidManifest.xml:15:19-47
38        <activity
38-->src\main\AndroidManifest.xml:16:9-19:59
39            android:name="com.example.sharethemeal.RestaurantActivity"
39-->src\main\AndroidManifest.xml:17:13-47
40            android:label="@string/title_activity_restaurant"
40-->src\main\AndroidManifest.xml:18:13-62
41            android:theme="@style/AppTheme.NoActionBar" />
41-->src\main\AndroidManifest.xml:19:13-56
42        <activity android:name="com.example.sharethemeal.LoginActivity" />
42-->src\main\AndroidManifest.xml:20:9-51
42-->src\main\AndroidManifest.xml:20:19-48
43        <activity android:name="com.example.sharethemeal.RegisterActivity" />
43-->src\main\AndroidManifest.xml:21:9-54
43-->src\main\AndroidManifest.xml:21:19-51
44        <activity android:name="com.example.sharethemeal.MainActivity" />
44-->src\main\AndroidManifest.xml:22:9-59
44-->src\main\AndroidManifest.xml:22:19-47
45        <activity
45-->src\main\AndroidManifest.xml:23:9-30:20
46            android:name="com.example.sharethemeal.WelcomeActivity"
46-->src\main\AndroidManifest.xml:23:19-50
47            android:theme="@style/AppTheme.NoActionBar" >
47-->src\main\AndroidManifest.xml:24:13-56
48            <intent-filter>
48-->src\main\AndroidManifest.xml:25:13-29:29
49                <action android:name="android.intent.action.MAIN" />
49-->src\main\AndroidManifest.xml:26:17-69
49-->src\main\AndroidManifest.xml:26:25-66
50
51                <category android:name="android.intent.category.LAUNCHER" />
51-->src\main\AndroidManifest.xml:28:17-77
51-->src\main\AndroidManifest.xml:28:27-74
52            </intent-filter>
53        </activity>
54        <activity
54-->[com.google.firebase:firebase-auth:19.1.0] AndroidManifest.xml:24:9-31:50
55            android:name="com.google.firebase.auth.internal.FederatedSignInActivity"
55-->[com.google.firebase:firebase-auth:19.1.0] AndroidManifest.xml:25:13-85
56            android:excludeFromRecents="true"
56-->[com.google.firebase:firebase-auth:19.1.0] AndroidManifest.xml:26:13-46
57            android:exported="true"
57-->[com.google.firebase:firebase-auth:19.1.0] AndroidManifest.xml:27:13-36
58            android:launchMode="singleTask"
58-->[com.google.firebase:firebase-auth:19.1.0] AndroidManifest.xml:28:13-44
59            android:permission="com.google.firebase.auth.api.gms.permission.LAUNCH_FEDERATED_SIGN_IN"
59-->[com.google.firebase:firebase-auth:19.1.0] AndroidManifest.xml:29:13-102
60            android:theme="@android:style/Theme.Translucent.NoTitleBar" />
60-->[com.google.firebase:firebase-auth:19.1.0] AndroidManifest.xml:30:13-72
61
62        <service
62-->[com.google.firebase:firebase-auth:19.1.0] AndroidManifest.xml:33:9-39:19
63            android:name="com.google.firebase.components.ComponentDiscoveryService"
63-->[com.google.firebase:firebase-auth:19.1.0] AndroidManifest.xml:34:13-84
64            android:directBootAware="true"
64-->[com.google.firebase:firebase-common:19.2.0] AndroidManifest.xml:15:13-43
65            android:exported="false" >
65-->[com.google.firebase:firebase-auth:19.1.0] AndroidManifest.xml:35:13-37
66            <meta-data
66-->[com.google.firebase:firebase-auth:19.1.0] AndroidManifest.xml:36:13-38:85
67                android:name="com.google.firebase.components:com.google.firebase.auth.FirebaseAuthRegistrar"
67-->[com.google.firebase:firebase-auth:19.1.0] AndroidManifest.xml:37:17-109
68                android:value="com.google.firebase.components.ComponentRegistrar" />
68-->[com.google.firebase:firebase-auth:19.1.0] AndroidManifest.xml:38:17-82
69            <meta-data
69-->[com.google.firebase:firebase-database:19.2.0] AndroidManifest.xml:32:13-34:85
70                android:name="com.google.firebase.components:com.google.firebase.database.DatabaseRegistrar"
70-->[com.google.firebase:firebase-database:19.2.0] AndroidManifest.xml:33:17-109
71                android:value="com.google.firebase.components.ComponentRegistrar" />
71-->[com.google.firebase:firebase-database:19.2.0] AndroidManifest.xml:34:17-82
72            <meta-data
72-->[com.google.android.gms:play-services-measurement-api:17.2.1] AndroidManifest.xml:30:13-32:85
73                android:name="com.google.firebase.components:com.google.firebase.analytics.connector.internal.AnalyticsConnectorRegistrar"
73-->[com.google.android.gms:play-services-measurement-api:17.2.1] AndroidManifest.xml:31:17-139
74                android:value="com.google.firebase.components.ComponentRegistrar" />
74-->[com.google.android.gms:play-services-measurement-api:17.2.1] AndroidManifest.xml:32:17-82
75            <meta-data
75-->[com.google.firebase:firebase-iid:19.0.0] AndroidManifest.xml:32:13-34:85
76                android:name="com.google.firebase.components:com.google.firebase.iid.Registrar"
76-->[com.google.firebase:firebase-iid:19.0.0] AndroidManifest.xml:33:17-96
77                android:value="com.google.firebase.components.ComponentRegistrar" />
77-->[com.google.firebase:firebase-iid:19.0.0] AndroidManifest.xml:34:17-82
78        </service>
79
80        <receiver
80-->[com.google.firebase:firebase-iid:19.0.0] AndroidManifest.xml:37:9-44:20
81            android:name="com.google.firebase.iid.FirebaseInstanceIdReceiver"
81-->[com.google.firebase:firebase-iid:19.0.0] AndroidManifest.xml:38:13-78
82            android:exported="true"
82-->[com.google.firebase:firebase-iid:19.0.0] AndroidManifest.xml:39:13-36
83            android:permission="com.google.android.c2dm.permission.SEND" >
83-->[com.google.firebase:firebase-iid:19.0.0] AndroidManifest.xml:40:13-73
84            <intent-filter>
84-->[com.google.firebase:firebase-iid:19.0.0] AndroidManifest.xml:41:13-43:29
85                <action android:name="com.google.android.c2dm.intent.RECEIVE" />
85-->[com.google.firebase:firebase-iid:19.0.0] AndroidManifest.xml:42:17-81
85-->[com.google.firebase:firebase-iid:19.0.0] AndroidManifest.xml:42:25-78
86            </intent-filter>
87        </receiver>
88
89        <activity
89-->[com.google.android.gms:play-services-base:17.1.0] AndroidManifest.xml:23:9-26:75
90            android:name="com.google.android.gms.common.api.GoogleApiActivity"
90-->[com.google.android.gms:play-services-base:17.1.0] AndroidManifest.xml:24:13-79
91            android:exported="false"
91-->[com.google.android.gms:play-services-base:17.1.0] AndroidManifest.xml:25:13-37
92            android:theme="@android:style/Theme.Translucent.NoTitleBar" />
92-->[com.google.android.gms:play-services-base:17.1.0] AndroidManifest.xml:26:13-72
93
94        <receiver
94-->[com.google.android.gms:play-services-measurement:17.2.1] AndroidManifest.xml:29:9-33:20
95            android:name="com.google.android.gms.measurement.AppMeasurementReceiver"
95-->[com.google.android.gms:play-services-measurement:17.2.1] AndroidManifest.xml:30:13-85
96            android:enabled="true"
96-->[com.google.android.gms:play-services-measurement:17.2.1] AndroidManifest.xml:31:13-35
97            android:exported="false" >
97-->[com.google.android.gms:play-services-measurement:17.2.1] AndroidManifest.xml:32:13-37
98        </receiver>
99        <receiver
99-->[com.google.android.gms:play-services-measurement:17.2.1] AndroidManifest.xml:34:9-42:20
100            android:name="com.google.android.gms.measurement.AppMeasurementInstallReferrerReceiver"
100-->[com.google.android.gms:play-services-measurement:17.2.1] AndroidManifest.xml:35:13-100
101            android:enabled="true"
101-->[com.google.android.gms:play-services-measurement:17.2.1] AndroidManifest.xml:36:13-35
102            android:exported="true"
102-->[com.google.android.gms:play-services-measurement:17.2.1] AndroidManifest.xml:37:13-36
103            android:permission="android.permission.INSTALL_PACKAGES" >
103-->[com.google.android.gms:play-services-measurement:17.2.1] AndroidManifest.xml:38:13-69
104            <intent-filter>
104-->[com.google.android.gms:play-services-measurement:17.2.1] AndroidManifest.xml:39:13-41:29
105                <action android:name="com.android.vending.INSTALL_REFERRER" />
105-->[com.google.android.gms:play-services-measurement:17.2.1] AndroidManifest.xml:40:17-79
105-->[com.google.android.gms:play-services-measurement:17.2.1] AndroidManifest.xml:40:25-76
106            </intent-filter>
107        </receiver>
108
109        <service
109-->[com.google.android.gms:play-services-measurement:17.2.1] AndroidManifest.xml:44:9-47:40
110            android:name="com.google.android.gms.measurement.AppMeasurementService"
110-->[com.google.android.gms:play-services-measurement:17.2.1] AndroidManifest.xml:45:13-84
111            android:enabled="true"
111-->[com.google.android.gms:play-services-measurement:17.2.1] AndroidManifest.xml:46:13-35
112            android:exported="false" />
112-->[com.google.android.gms:play-services-measurement:17.2.1] AndroidManifest.xml:47:13-37
113        <service
113-->[com.google.android.gms:play-services-measurement:17.2.1] AndroidManifest.xml:48:9-52:72
114            android:name="com.google.android.gms.measurement.AppMeasurementJobService"
114-->[com.google.android.gms:play-services-measurement:17.2.1] AndroidManifest.xml:49:13-87
115            android:enabled="true"
115-->[com.google.android.gms:play-services-measurement:17.2.1] AndroidManifest.xml:50:13-35
116            android:exported="false"
116-->[com.google.android.gms:play-services-measurement:17.2.1] AndroidManifest.xml:51:13-37
117            android:permission="android.permission.BIND_JOB_SERVICE" />
117-->[com.google.android.gms:play-services-measurement:17.2.1] AndroidManifest.xml:52:13-69
118
119        <provider
119-->[com.google.firebase:firebase-common:19.2.0] AndroidManifest.xml:19:9-23:39
120            android:name="com.google.firebase.provider.FirebaseInitProvider"
120-->[com.google.firebase:firebase-common:19.2.0] AndroidManifest.xml:20:13-77
121            android:authorities="com.example.sharethemeal.firebaseinitprovider"
121-->[com.google.firebase:firebase-common:19.2.0] AndroidManifest.xml:21:13-72
122            android:exported="false"
122-->[com.google.firebase:firebase-common:19.2.0] AndroidManifest.xml:22:13-37
123            android:initOrder="100" />
123-->[com.google.firebase:firebase-common:19.2.0] AndroidManifest.xml:23:13-36
124
125        <meta-data
125-->[com.google.android.gms:play-services-basement:17.0.0] AndroidManifest.xml:23:9-25:69
126            android:name="com.google.android.gms.version"
126-->[com.google.android.gms:play-services-basement:17.0.0] AndroidManifest.xml:24:13-58
127            android:value="@integer/google_play_services_version" />
127-->[com.google.android.gms:play-services-basement:17.0.0] AndroidManifest.xml:25:13-66
128
129        <provider
129-->[androidx.lifecycle:lifecycle-process:2.1.0] AndroidManifest.xml:23:9-27:43
130            android:name="androidx.lifecycle.ProcessLifecycleOwnerInitializer"
130-->[androidx.lifecycle:lifecycle-process:2.1.0] AndroidManifest.xml:24:13-79
131            android:authorities="com.example.sharethemeal.lifecycle-process"
131-->[androidx.lifecycle:lifecycle-process:2.1.0] AndroidManifest.xml:25:13-69
132            android:exported="false"
132-->[androidx.lifecycle:lifecycle-process:2.1.0] AndroidManifest.xml:26:13-37
133            android:multiprocess="true" />
133-->[androidx.lifecycle:lifecycle-process:2.1.0] AndroidManifest.xml:27:13-40
134    </application>
135
136</manifest>